<?xml version="1.0" encoding="UTF-8"?>
<!-- Generated by org.testng.reporters.JUnitReportReporter -->
<testsuite hostname="LAPTOP-K2V0T4MV" failures="0" tests="1" name="com.POMFramework.vaishTech.uiSoft.testScripts.Test1" time="2.041" errors="0" timestamp="2020-05-26T00:17:45 IST" skipped="0">
  <testcase classname="com.POMFramework.vaishTech.uiSoft.testScripts.Test1" name="login" time="2.041"/>
  <system-out>
loginTest started. loginTest Success.  </system-out>
</testsuite> <!-- com.POMFramework.vaishTech.uiSoft.testScripts.Test1 -->
